
ROM used:   9046/131072 (7%)
            9046/131072 (7%) including unused fragments

            1.3 Average locations per line
            8.8 Average locations per statement

RAM used:   1440/3862 (37%) at main() level
            1624/3862 (42%) worst case

Stack used: 8 worst case (6 in main + 2 for interrupts)
Stack size: 31

Lines Stmts  %   Files
----- ----- ---  -----
  239    78   8  main.c
 1316     0   0  ..\..\..\..\Program Files (x86)\PICC\Devices\18F87K22.h
 2227   258  25  ..\..\..\..\Program Files (x86)\PICC\Drivers\math.h
 1352   359  35  ..\..\..\..\Program Files (x86)\PICC\Drivers\stdlib.h
   32     0   0  ..\..\..\..\Program Files (x86)\PICC\Drivers\stddef.h
  435     0   0  ..\..\..\..\Program Files (x86)\PICC\Drivers\string.h
   28     0   0  ..\..\..\..\Program Files (x86)\PICC\Drivers\ctype.h
  180     0   0  ..\..\..\..\Program Files (x86)\PICC\Drivers\stdint.h
   94     0   0  arQ1010\globalVariables.h
  107     0   0  arQ1010\pinDefinitions.c
   25    10   1  arQ1010\interruptSerial2_USB.c
   94    41   4  arQ1010\InterruptSerial1_GSM.c
    8     2   0  arQ1010\interruptExt1_GSM.c
   14     2   0  arQ1010\interruptExt2_IN2.c
   41    20   2  arQ1010\dualColorLED.c
   59    36   3  arQ1010\LTE.c
   75    42   4  arQ1010\interruptTimer1.c
  260    67   6  arQ1010\rtc.c
  194    65   6  arQ1010\dateTimeDetails.c
  150    39   4  arQ1010\debugmode.c
   20     7   1  arQ1010\crc_generate.c
   19     6   1  arQ1010\rs485.c
----- -----
 6969  1032 Total

Page ROM  %  RAM    Vol Diff  Functions:
---- --- --- ---    --- ----  ----------
0     42   0    1             @delay_ms1
0     28   0    1             @I2C_WRITEU_129
0     30   0    1             @I2C_READU_129
0    106   1    9    280  5.5  strcat
0    126   1   11    351  7.0  strncat
0    114   1    9    288  6.0  strpbrk
0    136   1    9    346  7.5  strspn
0     58   0    5    129  4.6  strlen
0    180   1   10    496  8.2  strtok
0    244   1    6    503  9.7  stricmp
0     80   0    2             @MUL88
0    402   2    9   1815 10.5  atoi
0     72   0    5             @DIV1616
0     52   0    2     92  2.5  rda2_isr
0     30   0    2     63  1.8  clear_InterruptUSB
0     22   0    0             @const1401
0     18   0    0     48  1.7  getDataFromUSB
0     36   0    2     63  2.3  rda_isr
0     44   0    3             @DIV88
0     30   0    0     48  1.9  ext_isr1
0     12   0    0     29  0.8  ext_isr2
0     46   0    1    219  3.6  ledConfig
0     70   0    2    240  3.3  ledToggle
0      6   0    0             @const1424
0     34   0    1    629  5.5  @SPRINTF
0     18   0    0             @const1429
0     46   0    3             @PSTRINGC_57600_31793_31794
0      8   0    0             @const1433
0     16   0    0             @const1438
0     52   0    4    228  3.0  @PSTRINGCN_57600_31793_31794
0     42   0    2             @PSTRINGR_57600_31793_31794
0      6   0    0             @const1444
0      4   0    0             @const1447
0      6   0    0             @const1450
0     14   0    0             @const1451
0    112   1    5    222  5.8  IS_LEAP
0    254   1    1   1428  6.4  TIMER1_isr
0     30   0    2     69  3.1  rtcBCDToDec
0     76   0    2     74  3.1  rtcDecToBCD
0    434   2   38   1185  6.4  readRtc
0    158   1    2             @PRINTF_U_1425
0     24   0    0             @const1495
0     36   0    2    102  1.8  configI2C
0    686   4   35   1693  3.6  setRtc
0     26   0    0             @const1510
0     14   0    0             @const1511
0     14   0    0             @const1515
0     26   0    0             @const1521
0     14   0    0             @const1522
0     12   0    0             @const1526
0     10   0    0             @const1527
0     76   0    3    157  3.8  convertDateParam
0    212   1    6             @PRINTF_D_1425
0    270   1    5    425  3.9  getMcuDateTime
0    558   3   29   1081  3.5  updateMcuDateTime
0     16   0    0    255  3.2  @const1545
0    108   1   22    185  3.1  rtc_acquire_sync
0     24   0    0             @const1549
0     24   0    0    304  5.5  @const1551
0     40   0    0             @const1552
0     48   0    0             @const1553
0     34   0    0             @const1554
0     34   0    0    511  4.4  @const1555
0     38   0    0             @const1556
0     32   0    0             @const1557
0     38   0    0             @const1558
0     32   0    0             @const1559
0     32   0    0             @const1560
0     44   0    0             @const1561
0     46   0    0    158  2.1  @const1562
0     30   0    0             @const1563
0     32   0    0             @const1564
0     34   0    0             @const1565
0     46   0    0    151  2.9  @const1566
0     32   0    0             @const1567
0     30   0    0    167  2.5  @const1568
0     40   0    0             @const1569
0     30   0    0             @const1570
0    362   2  112    744  7.8  debugDetails
0     16   0    0             @const1580
0     20   0    0             @const1581
0     50   0    0    104  1.6  @const1582
0     50   0    0             @const1583
0    354   2   63    610  5.2  mcuStatusOnStartUp
0     38   0    0    222  5.8  @const1597
0     36   0    0    170  2.0  @const1598
0     36   0    0    214  3.0  @const1599
0     36   0    0    330  4.2  @const1600
0     24   0    0     63  2.3  @const1601
0     48   0    4   2881  4.4  @PSTRINGCN_1425
0      8   0    0     74  3.1  @const1605
0     36   0    2   1185  6.4  @PSTRINGR_1425
0   1368   8  270   1975  6.4  MAIN
0     52   0    0             @const1614
0     50   0    0             @const1615
0     34   0    0    102  1.8  @const1616
0     22   0    0             @const1618
0     12   0    0             @const1619
0     12   0    0   1049  7.3  @const1620
0     12   0    0             @const1621
 Inline         0             @cinit1

Program metrics:
    Functions               49
    Statements              1032
    Comments                1514
    Volume (V)              43600
    Difficulty (D)          212.5
    Effort to implement (E) 9266214
    Time to implement (T)   143 hours, 0 minutes
    Est Delivered Bugs (B)  15
    Cyclomatic Complexity   74
    Maintainability (MI)    122

 Segment     Used  Free
-----------  ----  ----
00000-00002     4  0  
00004-00006     0  4  
00008-000EC   230  0  
000EE-0FFFE  8812  56486  
10000-1FFFE     0  65536  



